# JRE version: OpenJDK Runtime Environment Temurin-25.0.2+10 (25.0.2+10) (build 25.0.2+10-LTS)
# Java VM: OpenJDK 64-Bit Server VM Temurin-25.0.2+10 (25.0.2+10-LTS, mixed mode, sharing, tiered, compressed oops, compressed class ptrs, g1 gc, windows-amd64)
GC Precious Log:
 CardTable entry size: 512
 Card Set container configuration: InlinePtr #cards 5 size 8 Array Of Cards #cards 10 size 36 Howl #buckets 4 coarsen threshold 1843 Howl Bitmap #cards 512 size 80 coarsen threshold 460 Card regions per heap region 1 cards per card region 2048
 CPUs: 4 total, 4 available
 Memory: 3976M
 Large Page Support: Disabled
 NUMA Support: Disabled
 Compressed Oops: Enabled (32-bit)
 Heap Region Size: 1M
 Heap Min Capacity: 8M
 Heap Initial Capacity: 64M
 Heap Max Capacity: 1G
 Pre-touch: Disabled
 Parallel Workers: 4
 Concurrent Workers: 1
 Concurrent Refinement Workers: 4
 Periodic GC: Disabled
Heap:
 garbage-first heap   total reserved 1048576K, committed 99328K, used 39937K [0x00000000c0000000, 0x0000000100000000)
  region size 1024K, 1 young (1024K), 0 survivors (0K)
GC Heap Usage History (20 events):
Event: 3563.458 {heap After GC invocations=338 (full 308):
 garbage-first heap   total reserved 1048576K, committed 99328K, used 39937K [0x00000000c0000000, 0x0000000100000000)
  region size 1024K, 0 young (0K), 0 survivors (0K)
}
Event: 3577.891 {heap Before GC invocations=338 (full 308):
 garbage-first heap   total reserved 1048576K, committed 99328K, used 39937K [0x00000000c0000000, 0x0000000100000000)
  region size 1024K, 1 young (1024K), 0 survivors (0K)
}
Event: 3578.041 {heap After GC invocations=339 (full 309):
 garbage-first heap   total reserved 1048576K, committed 99328K, used 39937K [0x00000000c0000000, 0x0000000100000000)
  region size 1024K, 0 young (0K), 0 survivors (0K)
}
Event: 3592.799 {heap Before GC invocations=339 (full 309):
 garbage-first heap   total reserved 1048576K, committed 99328K, used 39937K [0x00000000c0000000, 0x0000000100000000)
  region size 1024K, 1 young (1024K), 0 survivors (0K)
}
Event: 3592.947 {heap After GC invocations=340 (full 310):
 garbage-first heap   total reserved 1048576K, committed 99328K, used 39937K [0x00000000c0000000, 0x0000000100000000)
  region size 1024K, 0 young (0K), 0 survivors (0K)
}
Event: 3604.079 {heap Before GC invocations=340 (full 310):
 garbage-first heap   total reserved 1048576K, committed 99328K, used 39937K [0x00000000c0000000, 0x0000000100000000)
  region size 1024K, 1 young (1024K), 0 survivors (0K)
}
Event: 3604.249 {heap After GC invocations=341 (full 311):
 garbage-first heap   total reserved 1048576K, committed 99328K, used 39937K [0x00000000c0000000, 0x0000000100000000)
  region size 1024K, 0 young (0K), 0 survivors (0K)
}
Event: 3614.964 {heap Before GC invocations=341 (full 311):
 garbage-first heap   total reserved 1048576K, committed 99328K, used 39937K [0x00000000c0000000, 0x0000000100000000)
  region size 1024K, 1 young (1024K), 0 survivors (0K)
}
Event: 3615.078 {heap After GC invocations=342 (full 312):
 garbage-first heap   total reserved 1048576K, committed 99328K, used 39937K [0x00000000c0000000, 0x0000000100000000)
  region size 1024K, 0 young (0K), 0 survivors (0K)
}
Event: 3625.441 {heap Before GC invocations=342 (full 312):
 garbage-first heap   total reserved 1048576K, committed 99328K, used 39937K [0x00000000c0000000, 0x0000000100000000)
  region size 1024K, 1 young (1024K), 0 survivors (0K)
}
Event: 3625.557 {heap After GC invocations=343 (full 313):
 garbage-first heap   total reserved 1048576K, committed 99328K, used 39937K [0x00000000c0000000, 0x0000000100000000)
  region size 1024K, 0 young (0K), 0 survivors (0K)
}
Event: 3636.099 {heap Before GC invocations=343 (full 313):
 garbage-first heap   total reserved 1048576K, committed 99328K, used 39937K [0x00000000c0000000, 0x0000000100000000)
  region size 1024K, 1 young (1024K), 0 survivors (0K)
}
Event: 3636.217 {heap After GC invocations=344 (full 314):
 garbage-first heap   total reserved 1048576K, committed 99328K, used 39937K [0x00000000c0000000, 0x0000000100000000)
  region size 1024K, 0 young (0K), 0 survivors (0K)
}
Event: 3647.434 {heap Before GC invocations=344 (full 314):
 garbage-first heap   total reserved 1048576K, committed 99328K, used 39937K [0x00000000c0000000, 0x0000000100000000)
  region size 1024K, 1 young (1024K), 0 survivors (0K)
}
Event: 3647.555 {heap After GC invocations=345 (full 315):
 garbage-first heap   total reserved 1048576K, committed 99328K, used 39937K [0x00000000c0000000, 0x0000000100000000)
  region size 1024K, 0 young (0K), 0 survivors (0K)
}
Event: 3658.802 {heap Before GC invocations=345 (full 315):
 garbage-first heap   total reserved 1048576K, committed 99328K, used 39937K [0x00000000c0000000, 0x0000000100000000)
  region size 1024K, 1 young (1024K), 0 survivors (0K)
}
Event: 3659.355 {heap After GC invocations=346 (full 316):
 garbage-first heap   total reserved 1048576K, committed 99328K, used 39937K [0x00000000c0000000, 0x0000000100000000)
  region size 1024K, 0 young (0K), 0 survivors (0K)
}
Event: 3669.825 {heap Before GC invocations=346 (full 316):
 garbage-first heap   total reserved 1048576K, committed 99328K, used 39937K [0x00000000c0000000, 0x0000000100000000)
  region size 1024K, 1 young (1024K), 0 survivors (0K)
}
Event: 3669.940 {heap After GC invocations=347 (full 317):
 garbage-first heap   total reserved 1048576K, committed 99328K, used 39937K [0x00000000c0000000, 0x0000000100000000)
  region size 1024K, 0 young (0K), 0 survivors (0K)
}
Event: 3681.278 {heap Before GC invocations=347 (full 317):
 garbage-first heap   total reserved 1048576K, committed 99328K, used 39937K [0x00000000c0000000, 0x0000000100000000)
  region size 1024K, 1 young (1024K), 0 survivors (0K)
}

