# JRE version: OpenJDK Runtime Environment Temurin-25.0.1+8 (25.0.1+8) (build 25.0.1+8-LTS)
# Java VM: OpenJDK 64-Bit Server VM Temurin-25.0.1+8 (25.0.1+8-LTS, mixed mode, emulated-client, sharing, tiered, compressed oops, compressed class ptrs, g1 gc, windows-amd64)
GC Precious Log:
 CardTable entry size: 512
 Card Set container configuration: InlinePtr #cards 5 size 8 Array Of Cards #cards 10 size 36 Howl #buckets 4 coarsen threshold 1843 Howl Bitmap #cards 512 size 80 coarsen threshold 460 Card regions per heap region 1 cards per card region 2048
 CPUs: 4 total, 4 available
 Memory: 3976M
 Large Page Support: Disabled
 NUMA Support: Disabled
 Compressed Oops: Enabled (32-bit)
 Heap Region Size: 1M
 Heap Min Capacity: 8M
 Heap Initial Capacity: 64M
 Heap Max Capacity: 1G
 Pre-touch: Disabled
 Parallel Workers: 4
 Concurrent Workers: 1
 Concurrent Refinement Workers: 4
 Periodic GC: Disabled
Heap:
 garbage-first heap   total reserved 1048576K, committed 157696K, used 48351K [0x00000000c0000000, 0x0000000100000000)
  region size 1024K, 3 young (3072K), 0 survivors (0K)
GC Heap Usage History (20 events):
Event: 639.251 {heap After GC invocations=58 (full 19):
 garbage-first heap   total reserved 1048576K, committed 160768K, used 46999K [0x00000000c0000000, 0x0000000100000000)
  region size 1024K, 0 young (0K), 0 survivors (0K)
}
Event: 649.659 {heap Before GC invocations=58 (full 19):
 garbage-first heap   total reserved 1048576K, committed 160768K, used 46999K [0x00000000c0000000, 0x0000000100000000)
  region size 1024K, 1 young (1024K), 0 survivors (0K)
}
Event: 649.743 {heap After GC invocations=59 (full 20):
 garbage-first heap   total reserved 1048576K, committed 160768K, used 46999K [0x00000000c0000000, 0x0000000100000000)
  region size 1024K, 0 young (0K), 0 survivors (0K)
}
Event: 711.030 {heap Before GC invocations=59 (full 20):
 garbage-first heap   total reserved 1048576K, committed 160768K, used 54167K [0x00000000c0000000, 0x0000000100000000)
  region size 1024K, 8 young (8192K), 0 survivors (0K)
}
Event: 712.255 {heap After GC invocations=60 (full 21):
 garbage-first heap   total reserved 1048576K, committed 160768K, used 46940K [0x00000000c0000000, 0x0000000100000000)
  region size 1024K, 0 young (0K), 0 survivors (0K)
}
Event: 722.743 {heap Before GC invocations=60 (full 21):
 garbage-first heap   total reserved 1048576K, committed 160768K, used 46940K [0x00000000c0000000, 0x0000000100000000)
  region size 1024K, 1 young (1024K), 0 survivors (0K)
}
Event: 723.722 {heap After GC invocations=61 (full 22):
 garbage-first heap   total reserved 1048576K, committed 160768K, used 46554K [0x00000000c0000000, 0x0000000100000000)
  region size 1024K, 0 young (0K), 0 survivors (0K)
}
Event: 734.159 {heap Before GC invocations=61 (full 22):
 garbage-first heap   total reserved 1048576K, committed 160768K, used 46554K [0x00000000c0000000, 0x0000000100000000)
  region size 1024K, 1 young (1024K), 0 survivors (0K)
}
Event: 734.244 {heap After GC invocations=62 (full 23):
 garbage-first heap   total reserved 1048576K, committed 157696K, used 46554K [0x00000000c0000000, 0x0000000100000000)
  region size 1024K, 0 young (0K), 0 survivors (0K)
}
Event: 746.523 {heap Before GC invocations=62 (full 23):
 garbage-first heap   total reserved 1048576K, committed 157696K, used 46554K [0x00000000c0000000, 0x0000000100000000)
  region size 1024K, 1 young (1024K), 0 survivors (0K)
}
Event: 746.604 {heap After GC invocations=63 (full 24):
 garbage-first heap   total reserved 1048576K, committed 157696K, used 46554K [0x00000000c0000000, 0x0000000100000000)
  region size 1024K, 0 young (0K), 0 survivors (0K)
}
Event: 757.154 {heap Before GC invocations=63 (full 24):
 garbage-first heap   total reserved 1048576K, committed 157696K, used 46554K [0x00000000c0000000, 0x0000000100000000)
  region size 1024K, 1 young (1024K), 0 survivors (0K)
}
Event: 757.240 {heap After GC invocations=64 (full 25):
 garbage-first heap   total reserved 1048576K, committed 157696K, used 46554K [0x00000000c0000000, 0x0000000100000000)
  region size 1024K, 0 young (0K), 0 survivors (0K)
}
Event: 826.670 {heap Before GC invocations=64 (full 25):
 garbage-first heap   total reserved 1048576K, committed 157696K, used 121306K [0x00000000c0000000, 0x0000000100000000)
  region size 1024K, 74 young (75776K), 0 survivors (0K)
}
Event: 826.770 {heap After GC invocations=65 (full 25):
 garbage-first heap   total reserved 1048576K, committed 157696K, used 50836K [0x00000000c0000000, 0x0000000100000000)
  region size 1024K, 5 young (5120K), 5 survivors (5120K)
}
Event: 833.227 {heap Before GC invocations=66 (full 25):
 garbage-first heap   total reserved 1048576K, committed 157696K, used 124564K [0x00000000c0000000, 0x0000000100000000)
  region size 1024K, 79 young (80896K), 5 survivors (5120K)
}
Event: 833.342 {heap After GC invocations=67 (full 25):
 garbage-first heap   total reserved 1048576K, committed 157696K, used 53071K [0x00000000c0000000, 0x0000000100000000)
  region size 1024K, 8 young (8192K), 8 survivors (8192K)
}
Event: 874.107 {heap Before GC invocations=67 (full 25):
 garbage-first heap   total reserved 1048576K, committed 157696K, used 81743K [0x00000000c0000000, 0x0000000100000000)
  region size 1024K, 37 young (37888K), 8 survivors (8192K)
}
Event: 877.020 {heap After GC invocations=68 (full 26):
 garbage-first heap   total reserved 1048576K, committed 157696K, used 46303K [0x00000000c0000000, 0x0000000100000000)
  region size 1024K, 0 young (0K), 0 survivors (0K)
}
Event: 927.694 {heap Before GC invocations=68 (full 26):
 garbage-first heap   total reserved 1048576K, committed 157696K, used 48351K [0x00000000c0000000, 0x0000000100000000)
  region size 1024K, 3 young (3072K), 0 survivors (0K)
}

