# JRE version: OpenJDK Runtime Environment Temurin-25.0.1+8 (25.0.1+8) (build 25.0.1+8-LTS)
# Java VM: OpenJDK 64-Bit Server VM Temurin-25.0.1+8 (25.0.1+8-LTS, mixed mode, emulated-client, sharing, tiered, compressed oops, compressed class ptrs, g1 gc, windows-amd64)
GC Precious Log:
 CardTable entry size: 512
 Card Set container configuration: InlinePtr #cards 5 size 8 Array Of Cards #cards 10 size 36 Howl #buckets 4 coarsen threshold 1843 Howl Bitmap #cards 512 size 80 coarsen threshold 460 Card regions per heap region 1 cards per card region 2048
 CPUs: 4 total, 4 available
 Memory: 3976M
 Large Page Support: Disabled
 NUMA Support: Disabled
 Compressed Oops: Enabled (32-bit)
 Heap Region Size: 1M
 Heap Min Capacity: 8M
 Heap Initial Capacity: 64M
 Heap Max Capacity: 1G
 Pre-touch: Disabled
 Parallel Workers: 4
 Concurrent Workers: 1
 Concurrent Refinement Workers: 4
 Periodic GC: Disabled
Heap:
 garbage-first heap   total reserved 1048576K, committed 121856K, used 44675K [0x00000000c0000000, 0x0000000100000000)
  region size 1024K, 1 young (1024K), 0 survivors (0K)
GC Heap Usage History (20 events):
Event: 10259.616 {heap After GC invocations=931 (full 852):
 garbage-first heap   total reserved 1048576K, committed 121856K, used 44675K [0x00000000c0000000, 0x0000000100000000)
  region size 1024K, 0 young (0K), 0 survivors (0K)
}
Event: 10270.052 {heap Before GC invocations=931 (full 852):
 garbage-first heap   total reserved 1048576K, committed 121856K, used 44675K [0x00000000c0000000, 0x0000000100000000)
  region size 1024K, 1 young (1024K), 0 survivors (0K)
}
Event: 10270.178 {heap After GC invocations=932 (full 853):
 garbage-first heap   total reserved 1048576K, committed 121856K, used 44675K [0x00000000c0000000, 0x0000000100000000)
  region size 1024K, 0 young (0K), 0 survivors (0K)
}
Event: 10280.687 {heap Before GC invocations=932 (full 853):
 garbage-first heap   total reserved 1048576K, committed 121856K, used 44675K [0x00000000c0000000, 0x0000000100000000)
  region size 1024K, 1 young (1024K), 0 survivors (0K)
}
Event: 10280.822 {heap After GC invocations=933 (full 854):
 garbage-first heap   total reserved 1048576K, committed 121856K, used 44675K [0x00000000c0000000, 0x0000000100000000)
  region size 1024K, 0 young (0K), 0 survivors (0K)
}
Event: 10291.692 {heap Before GC invocations=933 (full 854):
 garbage-first heap   total reserved 1048576K, committed 121856K, used 44675K [0x00000000c0000000, 0x0000000100000000)
  region size 1024K, 1 young (1024K), 0 survivors (0K)
}
Event: 10291.820 {heap After GC invocations=934 (full 855):
 garbage-first heap   total reserved 1048576K, committed 121856K, used 44675K [0x00000000c0000000, 0x0000000100000000)
  region size 1024K, 0 young (0K), 0 survivors (0K)
}
Event: 10302.430 {heap Before GC invocations=934 (full 855):
 garbage-first heap   total reserved 1048576K, committed 121856K, used 44675K [0x00000000c0000000, 0x0000000100000000)
  region size 1024K, 1 young (1024K), 0 survivors (0K)
}
Event: 10302.595 {heap After GC invocations=935 (full 856):
 garbage-first heap   total reserved 1048576K, committed 121856K, used 44675K [0x00000000c0000000, 0x0000000100000000)
  region size 1024K, 0 young (0K), 0 survivors (0K)
}
Event: 10313.424 {heap Before GC invocations=935 (full 856):
 garbage-first heap   total reserved 1048576K, committed 121856K, used 44675K [0x00000000c0000000, 0x0000000100000000)
  region size 1024K, 1 young (1024K), 0 survivors (0K)
}
Event: 10313.542 {heap After GC invocations=936 (full 857):
 garbage-first heap   total reserved 1048576K, committed 121856K, used 44675K [0x00000000c0000000, 0x0000000100000000)
  region size 1024K, 0 young (0K), 0 survivors (0K)
}
Event: 10324.322 {heap Before GC invocations=936 (full 857):
 garbage-first heap   total reserved 1048576K, committed 121856K, used 44675K [0x00000000c0000000, 0x0000000100000000)
  region size 1024K, 1 young (1024K), 0 survivors (0K)
}
Event: 10324.534 {heap After GC invocations=937 (full 858):
 garbage-first heap   total reserved 1048576K, committed 121856K, used 44675K [0x00000000c0000000, 0x0000000100000000)
  region size 1024K, 0 young (0K), 0 survivors (0K)
}
Event: 10335.457 {heap Before GC invocations=937 (full 858):
 garbage-first heap   total reserved 1048576K, committed 121856K, used 44675K [0x00000000c0000000, 0x0000000100000000)
  region size 1024K, 1 young (1024K), 0 survivors (0K)
}
Event: 10336.263 {heap After GC invocations=938 (full 859):
 garbage-first heap   total reserved 1048576K, committed 121856K, used 44675K [0x00000000c0000000, 0x0000000100000000)
  region size 1024K, 0 young (0K), 0 survivors (0K)
}
Event: 10346.905 {heap Before GC invocations=938 (full 859):
 garbage-first heap   total reserved 1048576K, committed 121856K, used 44675K [0x00000000c0000000, 0x0000000100000000)
  region size 1024K, 1 young (1024K), 0 survivors (0K)
}
Event: 10347.922 {heap After GC invocations=939 (full 860):
 garbage-first heap   total reserved 1048576K, committed 121856K, used 44675K [0x00000000c0000000, 0x0000000100000000)
  region size 1024K, 0 young (0K), 0 survivors (0K)
}
Event: 10358.374 {heap Before GC invocations=939 (full 860):
 garbage-first heap   total reserved 1048576K, committed 121856K, used 44675K [0x00000000c0000000, 0x0000000100000000)
  region size 1024K, 1 young (1024K), 0 survivors (0K)
}
Event: 10358.479 {heap After GC invocations=940 (full 861):
 garbage-first heap   total reserved 1048576K, committed 121856K, used 44675K [0x00000000c0000000, 0x0000000100000000)
  region size 1024K, 0 young (0K), 0 survivors (0K)
}
Event: 10368.907 {heap Before GC invocations=940 (full 861):
 garbage-first heap   total reserved 1048576K, committed 121856K, used 44675K [0x00000000c0000000, 0x0000000100000000)
  region size 1024K, 1 young (1024K), 0 survivors (0K)
}

